23:40:17,577 ERROR http-bio-8080-exec-1 - Data source rejected establishment of connection,  message from server: "Too many connections"
23:40:20,471 ERROR http-bio-8080-exec-3 - Data source rejected establishment of connection,  message from server: "Too many connections"
23:40:22,680 ERROR http-bio-8080-exec-4 - Data source rejected establishment of connection,  message from server: "Too many connections"
23:45:16,874 ERROR http-bio-8080-exec-2 - Data source rejected establishment of connection,  message from server: "Too many connections"
00:12:37,275 ERROR http-bio-8080-exec-2 - Data source rejected establishment of connection,  message from server: "Too many connections"
00:12:40,407 ERROR http-bio-8080-exec-4 - Data source rejected establishment of connection,  message from server: "Too many connections"
00:20:46,986 ERROR http-bio-8080-exec-2 - Data source rejected establishment of connection,  message from server: "Too many connections"
00:20:50,420 ERROR http-bio-8080-exec-4 - Data source rejected establishment of connection,  message from server: "Too many connections"
00:26:30,523 ERROR http-bio-8080-exec-2 - Data source rejected establishment of connection,  message from server: "Too many connections"
00:26:32,927 ERROR http-bio-8080-exec-3 - Data source rejected establishment of connection,  message from server: "Too many connections"
00:28:38,983 ERROR http-bio-8080-exec-2 - Data source rejected establishment of connection,  message from server: "Too many connections"
00:31:18,494 ERROR http-bio-8080-exec-2 - Data source rejected establishment of connection,  message from server: "Too many connections"
00:31:48,287 ERROR http-bio-8080-exec-2 - Data source rejected establishment of connection,  message from server: "Too many connections"
00:32:42,494 ERROR http-bio-8080-exec-2 - Data source rejected establishment of connection,  message from server: "Too many connections"
00:34:35,782 ERROR http-bio-8080-exec-2 - Data source rejected establishment of connection,  message from server: "Too many connections"
00:42:52,609 ERROR http-bio-8080-exec-2 - Data source rejected establishment of connection,  message from server: "Too many connections"
00:42:54,864 ERROR http-bio-8080-exec-3 - Data source rejected establishment of connection,  message from server: "Too many connections"
10:59:30,422 ERROR http-bio-8080-exec-2 - Data source rejected establishment of connection,  message from server: "Too many connections"
10:59:34,827 ERROR http-bio-8080-exec-4 - Data source rejected establishment of connection,  message from server: "Too many connections"
11:00:20,695 ERROR http-bio-8080-exec-2 - Data source rejected establishment of connection,  message from server: "Too many connections"
11:00:22,936 ERROR http-bio-8080-exec-3 - Data source rejected establishment of connection,  message from server: "Too many connections"
11:01:45,234 ERROR http-bio-8080-exec-2 - Data source rejected establishment of connection,  message from server: "Too many connections"
11:01:47,525 ERROR http-bio-8080-exec-3 - Data source rejected establishment of connection,  message from server: "Too many connections"
11:05:54,653 ERROR http-bio-8080-exec-1 - Data source rejected establishment of connection,  message from server: "Too many connections"
11:05:57,241 ERROR http-bio-8080-exec-2 - Data source rejected establishment of connection,  message from server: "Too many connections"
23:43:40,066  INFO localhost-startStop-1 - EncodingFilter created.
00:41:33,217  INFO localhost-startStop-1 - EncodingFilter created.
10:50:00,780  INFO localhost-startStop-1 - EncodingFilter created.
10:52:24,509  INFO localhost-startStop-1 - EncodingFilter created.
10:55:44,720  INFO localhost-startStop-1 - EncodingFilter created.
12:29:17,474  INFO localhost-startStop-1 - EncodingFilter created.
12:30:55,486  INFO localhost-startStop-1 - EncodingFilter created.
12:31:49,714  INFO localhost-startStop-1 - EncodingFilter created.
13:35:39,026  INFO localhost-startStop-1 - EncodingFilter created.
13:46:56,637  INFO localhost-startStop-1 - EncodingFilter created.
13:53:24,150  INFO localhost-startStop-1 - EncodingFilter created.
13:54:29,335  WARN http-bio-8080-exec-1 - MY ID IS: null.
13:56:20,998  WARN http-bio-8080-exec-3 - MY ID IS: 1.
13:57:48,147  INFO localhost-startStop-1 - EncodingFilter created.
13:58:04,849  WARN http-bio-8080-exec-1 - MY ID IS: null.
13:58:04,869  WARN http-bio-8080-exec-1 - MY BODY IS: .
14:05:32,225  INFO http-bio-8080-exec-7 - Article with id 12was deleted.
14:07:15,590  WARN http-bio-8080-exec-5 - MY ID IS: 26.
14:07:15,590  WARN http-bio-8080-exec-5 - MY BODY IS: .
14:29:43,325  WARN http-bio-8080-exec-9 - MY ID IS: null.
14:29:43,326  WARN http-bio-8080-exec-9 - MY BODY IS: .
14:48:55,822  WARN http-bio-8080-exec-1 - MY ID IS: null.
14:48:55,822  WARN http-bio-8080-exec-1 - MY BODY IS: 
id=1111.
14:53:08,936  WARN http-bio-8080-exec-4 - MY ID IS: null.
14:53:08,936  WARN http-bio-8080-exec-4 - MY BODY IS: 
id=1
.
14:53:57,871  WARN http-bio-8080-exec-3 - MY ID IS: null.
14:54:41,200  WARN http-bio-8080-exec-2 - MY ID IS: null.
14:58:23,441  WARN http-bio-8080-exec-7 - MY ID IS: null.
17:22:03,562  INFO localhost-startStop-1 - EncodingFilter created.
17:24:18,433  INFO http-bio-8080-exec-8 - New article on Ethernet added.
13:42:56,277  WARN http-bio-8080-exec-3 - MY ID IS: null.
19:25:55,505  WARN http-bio-8080-exec-5 - MY ID IS: null.
19:30:49,094  WARN http-bio-8080-exec-7 - MY ID IS: null.
19:35:46,410  WARN http-bio-8080-exec-8 - MY ID IS: null.
19:36:31,602  WARN http-bio-8080-exec-9 - MY ID IS: null.
19:49:58,318  WARN http-bio-8080-exec-1 - MY ID IS: null.
19:56:43,261  WARN http-bio-8080-exec-2 - MY ID IS: null.
22:36:40,484  INFO http-bio-8080-exec-3 - Article with id 2was deleted.
10:54:33,166  INFO http-bio-8080-exec-5 - Article with id 46was deleted.
10:54:37,908  INFO http-bio-8080-exec-10 - Article with id 50was deleted.
10:54:42,319  INFO http-bio-8080-exec-10 - Article with id 47was deleted.
